[debug] [2023-03-03T14:07:49.969Z] ----------------------------------------------------------------------
[debug] [2023-03-03T14:07:49.971Z] Command:       /usr/local/bin/firebase /Users/tnluser/.cache/firebase/tools/lib/node_modules/firebase-tools/lib/bin/firebase deploy
[debug] [2023-03-03T14:07:49.971Z] CLI Version:   11.9.0
[debug] [2023-03-03T14:07:49.971Z] Platform:      darwin
[debug] [2023-03-03T14:07:49.971Z] Node Version:  v16.16.0
[debug] [2023-03-03T14:07:49.974Z] Time:          Fri Mar 03 2023 19:37:49 GMT+0530 (India Standard Time)
[debug] [2023-03-03T14:07:49.975Z] ----------------------------------------------------------------------
[debug] 
[debug] [2023-03-03T14:07:50.066Z] > command requires scopes: ["email","openid","https://www.googleapis.com/auth/cloudplatformprojects.readonly","https://www.googleapis.com/auth/firebase","https://www.googleapis.com/auth/cloud-platform"]
[debug] [2023-03-03T14:07:50.067Z] > authorizing via signed-in user (shekharaditya7@gmail.com)
[debug] [2023-03-03T14:07:50.068Z] [iam] checking project this-is-me-74cbf for permissions ["firebase.projects.get","firebasehosting.sites.update"]
[debug] [2023-03-03T14:07:50.070Z] >>> [apiv2][query] POST https://cloudresourcemanager.googleapis.com/v1/projects/this-is-me-74cbf:testIamPermissions [none]
[debug] [2023-03-03T14:07:50.072Z] >>> [apiv2][(partial)header] POST https://cloudresourcemanager.googleapis.com/v1/projects/this-is-me-74cbf:testIamPermissions x-goog-quota-user=projects/this-is-me-74cbf
[debug] [2023-03-03T14:07:50.072Z] >>> [apiv2][body] POST https://cloudresourcemanager.googleapis.com/v1/projects/this-is-me-74cbf:testIamPermissions {"permissions":["firebase.projects.get","firebasehosting.sites.update"]}
[debug] [2023-03-03T14:08:01.523Z] ----------------------------------------------------------------------
[debug] [2023-03-03T14:08:01.525Z] Command:       /usr/local/bin/firebase /Users/tnluser/.cache/firebase/tools/lib/node_modules/firebase-tools/lib/bin/firebase deploy
[debug] [2023-03-03T14:08:01.525Z] CLI Version:   11.9.0
[debug] [2023-03-03T14:08:01.525Z] Platform:      darwin
[debug] [2023-03-03T14:08:01.525Z] Node Version:  v16.16.0
[debug] [2023-03-03T14:08:01.526Z] Time:          Fri Mar 03 2023 19:38:01 GMT+0530 (India Standard Time)
[debug] [2023-03-03T14:08:01.527Z] ----------------------------------------------------------------------
[debug] 
[debug] [2023-03-03T14:08:01.621Z] > command requires scopes: ["email","openid","https://www.googleapis.com/auth/cloudplatformprojects.readonly","https://www.googleapis.com/auth/firebase","https://www.googleapis.com/auth/cloud-platform"]
[debug] [2023-03-03T14:08:01.623Z] > authorizing via signed-in user (shekharaditya7@gmail.com)
[debug] [2023-03-03T14:08:01.624Z] [iam] checking project this-is-me-74cbf for permissions ["firebase.projects.get","firebasehosting.sites.update"]
[debug] [2023-03-03T14:08:01.626Z] >>> [apiv2][query] POST https://cloudresourcemanager.googleapis.com/v1/projects/this-is-me-74cbf:testIamPermissions [none]
[debug] [2023-03-03T14:08:01.628Z] >>> [apiv2][(partial)header] POST https://cloudresourcemanager.googleapis.com/v1/projects/this-is-me-74cbf:testIamPermissions x-goog-quota-user=projects/this-is-me-74cbf
[debug] [2023-03-03T14:08:01.629Z] >>> [apiv2][body] POST https://cloudresourcemanager.googleapis.com/v1/projects/this-is-me-74cbf:testIamPermissions {"permissions":["firebase.projects.get","firebasehosting.sites.update"]}
[debug] [2023-03-03T14:08:03.309Z] <<< [apiv2][status] POST https://cloudresourcemanager.googleapis.com/v1/projects/this-is-me-74cbf:testIamPermissions 200
[debug] [2023-03-03T14:08:03.314Z] <<< [apiv2][body] POST https://cloudresourcemanager.googleapis.com/v1/projects/this-is-me-74cbf:testIamPermissions {"permissions":["firebase.projects.get","firebasehosting.sites.update"]}
[debug] [2023-03-03T14:08:03.317Z] >>> [apiv2][query] GET https://firebase.googleapis.com/v1beta1/projects/this-is-me-74cbf [none]
[debug] [2023-03-03T14:08:04.020Z] <<< [apiv2][status] GET https://firebase.googleapis.com/v1beta1/projects/this-is-me-74cbf 200
[debug] [2023-03-03T14:08:04.022Z] <<< [apiv2][body] GET https://firebase.googleapis.com/v1beta1/projects/this-is-me-74cbf {"projectId":"this-is-me-74cbf","projectNumber":"650731524892","displayName":"Testing","name":"projects/this-is-me-74cbf","resources":{"hostingSite":"this-is-me-74cbf"},"state":"ACTIVE","etag":"1_a7b8e476-f749-40ad-b694-598fe762c03a"}
[info] 
[info] === Deploying to 'this-is-me-74cbf'...
[info] 
[info] i  deploying hosting 
[debug] [2023-03-03T14:08:04.026Z] >>> [apiv2][query] GET https://firebase.googleapis.com/v1beta1/projects/this-is-me-74cbf [none]
[debug] [2023-03-03T14:08:04.569Z] <<< [apiv2][status] GET https://firebase.googleapis.com/v1beta1/projects/this-is-me-74cbf 200
[debug] [2023-03-03T14:08:04.571Z] <<< [apiv2][body] GET https://firebase.googleapis.com/v1beta1/projects/this-is-me-74cbf {"projectId":"this-is-me-74cbf","projectNumber":"650731524892","displayName":"Testing","name":"projects/this-is-me-74cbf","resources":{"hostingSite":"this-is-me-74cbf"},"state":"ACTIVE","etag":"1_a7b8e476-f749-40ad-b694-598fe762c03a"}
[debug] [2023-03-03T14:08:04.577Z] >>> [apiv2][query] POST https://firebasehosting.googleapis.com/v1beta1/projects/650731524892/sites/this-is-me-74cbf/versions [none]
[debug] [2023-03-03T14:08:04.577Z] >>> [apiv2][body] POST https://firebasehosting.googleapis.com/v1beta1/projects/650731524892/sites/this-is-me-74cbf/versions {"config":{"rewrites":[{"glob":"**","path":"/index.html"}]},"labels":{"deployment-tool":"cli-firebase"}}
[debug] [2023-03-03T14:08:06.072Z] <<< [apiv2][status] POST https://firebasehosting.googleapis.com/v1beta1/projects/650731524892/sites/this-is-me-74cbf/versions 200
[debug] [2023-03-03T14:08:06.074Z] <<< [apiv2][body] POST https://firebasehosting.googleapis.com/v1beta1/projects/650731524892/sites/this-is-me-74cbf/versions {"name":"projects/650731524892/sites/this-is-me-74cbf/versions/1d5f156d4da1bcd7","status":"CREATED","config":{"rewrites":[{"glob":"**","path":"/index.html"}]},"labels":{"deployment-tool":"cli-firebase"}}
[info] i  hosting[this-is-me-74cbf]: beginning deploy... 
[info] i  hosting[this-is-me-74cbf]: found 62 files in build 
[debug] [2023-03-03T14:08:06.112Z] [hosting] uploading with 200 concurrency
[debug] [2023-03-03T14:08:06.290Z] [hosting] hash cache [YnVpbGQ] stored for 62 files
[debug] [2023-03-03T14:08:06.290Z] [hosting][hash queue][FINAL] {"max":134,"min":12,"avg":32.29032258064515,"active":0,"complete":62,"success":62,"errored":0,"retried":0,"total":62,"elapsed":173}
[debug] [2023-03-03T14:08:06.291Z] >>> [apiv2][query] POST https://firebasehosting.googleapis.com/v1beta1/projects/650731524892/sites/this-is-me-74cbf/versions/1d5f156d4da1bcd7:populateFiles [none]
[debug] [2023-03-03T14:08:06.291Z] >>> [apiv2][body] POST https://firebasehosting.googleapis.com/v1beta1/projects/650731524892/sites/this-is-me-74cbf/versions/1d5f156d4da1bcd7:populateFiles {"files":{"/icon192.jpeg":"21c2c22d40e4fa2d40e8d3d95ddb90216e3a52754d4e654290593b95253e240a","/manifest.json":"88f264963bc90b953f4aef296814c231a401c1a2a6d3a002b03ca322dee03968","/index.html":"a33e2ffe7ac4c2fc0de223f71a6b825f3bdeb14c57f51ffabb0e5a623c55f94a","/robots.txt":"391d14b3c2f8c9143a27a28c7399585142228d4d1bdbe2c87ac946de411fa9a2","/images/CopyIcon.webp":"c5e0920ab1fd01c834843e58159609eb91a80952e6ae33e7bf12e52fc6936c38","/favicon.ico":"b72f7455f00e4e58792d2bca892abb068e2213838c0316d6b7a0d6d16acd1955","/worker.js":"4b8a362c0ff3a674e6d506da4b6e735ebc8a4bda6aafa6ff3a845ce2cb7d825d","/images/InfoIcon-white.webp":"d3302c0e0135c4cfc869467e7ab6e915c2f8589b0702490cc3b016bb09d62f3a","/asset-manifest.json":"4be8b5844d324c3b717caff365db4073a014c052e5961a48ed94050991ce13cb","/images/chess/black-bishop.webp":"d82307924cf209adf1efaafa9185c3ef853431f4a1ffeae9897d50bd223027a8","/images/chess/black-king.webp":"3f2217f78e09e437e6ab244fbb364475c5ff0e3f907bbfd4c23964b77e6b6c27","/images/chess/black-knight.webp":"fd58da6352463aa49fff355218dc893b48d47f8c76423ac1838dd40f449375f0","/images/chess/black-queen.webp":"f802136053fb2762f488a81d54024803441ae0032a174c8602f02dd888031b22","/images/chess/black-pawn.webp":"52300ee6c65e86d16fa61ad14bc3d421623ead7aec603eee7d6145ff58c3d0ed","/images/chess/black-rook.webp":"93d08ebcfd9444044c7797a2549ec0768a0883f9e33fcb3d6db470a435f93adc","/images/MenuIcon.webp":"3d9685ae2ed74844f375402bf4e190db7a129b2eb8e7eb5905cacb611712cf66","/images/chess/white-bishop.webp":"2775e78f67bc41986891689065ad447553f7a1249d3dd8b2b4d4fb69165a7dcb","/images/chess/white-king.webp":"9a19293baf3bee7361f9c5acc7782d14903b3fbae128316c9a10bac57a479e36","/images/chess/white-pawn.webp":"4decdec74c29c828fc17d001a9d011866de39d6ed912f04dd14ca83c7f448c15","/images/chess/white-knight.webp":"97ff3200c7d1d29c9e73ac44b277f52329cab97f07291d2f6b8cd51ce61b2c9c","/images/chess/white-rook.webp":"888ce7bee92a3ce5b285b7be4736c2d753d1d8fc67eb6e50babcbb8936e08aa8","/images/intro/amdocs.webp":"847cd69fb684f913dd729c986b69127d466b3a8c59259c89e776602ab2217f40","/images/chess/white-queen.webp":"ac24bb65bd9e540ec1b61353799d2157d64ba433fbed4ff558c68a7f6bb8f5c0","/images/intro/byjus.webp":"7d277460f0cdfd9a331118d327fefd478b3034b54396289740759683e964efe0","/images/intro/dav.webp":"900f4c1199ec64522ef81fc184a74539da5b98ff744476785769fc5b4ed1490c","/images/intro/open-source.webp":"caf24efbf25d99f23524096588d3fae884f3335e92a0de8712c5cff1be67cf24","/images/intro/iit-dhn.webp":"b9b0f839116635e1ab1025905c3cc5de0d69b1cb3c22166d48bd18cbb064d5dc","/images/intro/header.webp":"5bd7327bb0e4f243ef2aeca6b2dd3b4384acab774567dba4c556b8c56c43b858","/images/intro/profile.webp":"38f950cb637628ce78ad3e96605599c07c96f288ab03eb1fba8be668e7cbab17","/images/sidebar/AnimateIcon.webp":"62ecb64b047757d31c3553ac5c70a77c89fa1e7718ebd69bbd2828306a983ee8","/images/intro/phone.webp":"74a00916fa06d4a3d194309eec14a899ad8e22223e9cd96093db0c1ca16599cb","/images/intro/toppr.webp":"d7a5f34dba56927a72edbd43c7f9c6a006619571b548c445b24270661dc5bb67","/images/intro/web-dev.webp":"4b0c314a9c3f608fd48ac2766c1990e32dbe23e0fa8057ab21f9bc111760cfea","/images/sidebar/CrossIcon.webp":"1cb031c05e97670030ab73e06ffcde735c4ae7e69d170310e374c46a0d9b1c3f","/images/sidebar/ImageIcon.webp":"4a3bf27bff8c61fbf61955c6431eebb7be05b9002e248e3440d1a4a0d24e016b","/images/intro/mail.webp":"bc6ceec11f689fb335a9a883615cce95d71f71b7b9b165f9adc0c772b43a7046","/images/sidebar/DrawIcon.webp":"4b63ba00b20e64ec99c51be8ff17351e632fc1544b7401362314ebe79f781471","/images/sidebar/ChessIcon.webp":"fc933d7680387516b011bd20a3a7d37ec59ab3fcbe01c52cd63375f61d9373d4","/images/sidebar/NestedNav.webp":"e90407144fff8343001b2de664628abbf6aa5be5e0c5cf8871c52d8dedbcba61","/images/sidebar/HomeIcon.webp":"4f181bf4ada1a4dac28bcd8d7facfda35894752a3de0dfeb2a445ac1bbc07deb","/images/social/Facebook.webp":"efa2543a1f01d641fb677a46ecf7f4023258fe3960238f05ffe0cbb6ab20c381","/images/social/Instagram.webp":"14014e0e60ae85468d333971c14f22fa719f5947bb2593046478cec75e7dea86","/images/social/LinkedIn.webp":"2ede108b5bc4906575ecf15e15d4828c2e90b9c176815307b09a247444ebce3a","/images/social/Twitter.webp":"ddd0592f6e90e365c01cd1105ab4bd91e6f41eaa6685af1f3d2d21a89c98e962","/images/social/Github.webp":"e80198d44231299d0f761c264b07934f9843512e3117a9118f1470e58fa8f25b","/images/sidebar/YoutubeIcon.webp":"84bb094e3ec3da7cd3cecffe0fa3e7bba03abd1f06f579e3f3ed6dc4a50c5e65","/images/Tick.webp":"714fc9260d59363f84c5837dfb5ded278ec41f50e058925690bba48237763cf4","/images/google.png":"7fbc5568833c9bb88ad019f8ab41cb60ab9ebaaa5f4d8b19afd3e40969b85132","/icon512.jpeg":"45112131e2ec5e0a875ef6c8d7310e0d1a30867524d3f4d80d480c3566cac355","/static/js/0.25c8b97b.chunk.js.LICENSE.txt":"e2010e2a43109c4bbdb7c269e75ca4fc4cec5134108c36bfc1f2108ee672e155","/static/css/main.4af7c417.chunk.css":"93cd45f82ade65ed5ba456139959be47d3141c58fab3f6c31dda0bafbb0fe4c5","/static/js/3.9c4c2b86.chunk.js.LICENSE.txt":"3bc525ee38f713774b012991eb3de393123a268eeeb95f5594798e1540e1184d","/static/css/main.4af7c417.chunk.css.map":"6219153c4fcbc0827ec774e8ca830dee74c976eb28f5e755fb3d333cf113d2d9","/static/js/runtime-main.ada2cc0f.js":"09d8890b9ef5fd211f677aa210abeb7586c72413ff032328be54c5b10319423c","/static/js/runtime-main.ada2cc0f.js.map":"8471b41f01ea287dc4db749d7487d64778eb71283d827044ad8da098b74d3d17","/static/js/0.25c8b97b.chunk.js":"d39877d7cf6b037fde13d88ed6e3762d6972905ffe784b32de1fdb580bd1e587","/static/js/main.adb1ba44.chunk.js":"4c5521ce6b475e527461d56d1798b134a7e22359503d62546494fe83b3597462","/static/js/main.adb1ba44.chunk.js.map":"68b8c9b8e7987f75033ec2b76bcfd160bc2668e59c5961088925ca74f1c3f858","/static/js/3.9c4c2b86.chunk.js":"1c7a6c98365330a41360fadae25007769630f0129a1bfbcd490072dd6df70cb4","/icon512.png":"248d4ed1b524105c1353104ccc8e53a0aa9c481d9d7d3bdf6f84c74f3402dc60","/static/js/0.25c8b97b.chunk.js.map":"88f33426c73f8dec7e6919fc207e0a1ea938fab5fcfa113a0f8f158e2fce31ad","/static/js/3.9c4c2b86.chunk.js.map":"90a7c5eb8f2f3e643fe110292d60949cfa449a6beb0b9a4c39d7f054029592de"}}
[debug] [2023-03-03T14:08:07.541Z] <<< [apiv2][status] POST https://firebasehosting.googleapis.com/v1beta1/projects/650731524892/sites/this-is-me-74cbf/versions/1d5f156d4da1bcd7:populateFiles 200
[debug] [2023-03-03T14:08:07.541Z] <<< [apiv2][body] POST https://firebasehosting.googleapis.com/v1beta1/projects/650731524892/sites/this-is-me-74cbf/versions/1d5f156d4da1bcd7:populateFiles {"uploadRequiredHashes":["6219153c4fcbc0827ec774e8ca830dee74c976eb28f5e755fb3d333cf113d2d9","93cd45f82ade65ed5ba456139959be47d3141c58fab3f6c31dda0bafbb0fe4c5","4be8b5844d324c3b717caff365db4073a014c052e5961a48ed94050991ce13cb","a33e2ffe7ac4c2fc0de223f71a6b825f3bdeb14c57f51ffabb0e5a623c55f94a"],"uploadUrl":"https://upload-firebasehosting.googleapis.com/upload/sites/this-is-me-74cbf/versions/1d5f156d4da1bcd7/files"}
[debug] [2023-03-03T14:08:07.544Z] >>> [apiv2][query] POST https://upload-firebasehosting.googleapis.com/upload/sites/this-is-me-74cbf/versions/1d5f156d4da1bcd7/files/6219153c4fcbc0827ec774e8ca830dee74c976eb28f5e755fb3d333cf113d2d9 [none]
[debug] [2023-03-03T14:08:07.544Z] >>> [apiv2][body] POST https://upload-firebasehosting.googleapis.com/upload/sites/this-is-me-74cbf/versions/1d5f156d4da1bcd7/files/6219153c4fcbc0827ec774e8ca830dee74c976eb28f5e755fb3d333cf113d2d9 [stream]
[debug] [2023-03-03T14:08:07.545Z] >>> [apiv2][query] POST https://upload-firebasehosting.googleapis.com/upload/sites/this-is-me-74cbf/versions/1d5f156d4da1bcd7/files/93cd45f82ade65ed5ba456139959be47d3141c58fab3f6c31dda0bafbb0fe4c5 [none]
[debug] [2023-03-03T14:08:07.545Z] >>> [apiv2][body] POST https://upload-firebasehosting.googleapis.com/upload/sites/this-is-me-74cbf/versions/1d5f156d4da1bcd7/files/93cd45f82ade65ed5ba456139959be47d3141c58fab3f6c31dda0bafbb0fe4c5 [stream]
[debug] [2023-03-03T14:08:07.547Z] >>> [apiv2][query] POST https://upload-firebasehosting.googleapis.com/upload/sites/this-is-me-74cbf/versions/1d5f156d4da1bcd7/files/4be8b5844d324c3b717caff365db4073a014c052e5961a48ed94050991ce13cb [none]
[debug] [2023-03-03T14:08:07.547Z] >>> [apiv2][body] POST https://upload-firebasehosting.googleapis.com/upload/sites/this-is-me-74cbf/versions/1d5f156d4da1bcd7/files/4be8b5844d324c3b717caff365db4073a014c052e5961a48ed94050991ce13cb [stream]
[debug] [2023-03-03T14:08:07.548Z] >>> [apiv2][query] POST https://upload-firebasehosting.googleapis.com/upload/sites/this-is-me-74cbf/versions/1d5f156d4da1bcd7/files/a33e2ffe7ac4c2fc0de223f71a6b825f3bdeb14c57f51ffabb0e5a623c55f94a [none]
[debug] [2023-03-03T14:08:07.548Z] >>> [apiv2][body] POST https://upload-firebasehosting.googleapis.com/upload/sites/this-is-me-74cbf/versions/1d5f156d4da1bcd7/files/a33e2ffe7ac4c2fc0de223f71a6b825f3bdeb14c57f51ffabb0e5a623c55f94a [stream]
[debug] [2023-03-03T14:08:07.550Z] [hosting][populate queue][FINAL] {"max":1255,"min":1255,"avg":1255,"active":0,"complete":1,"success":1,"errored":0,"retried":0,"total":1,"elapsed":1261}
[debug] [2023-03-03T14:08:07.550Z] [hosting] uploads queued: 4
